2024-08-27 23:42:29.438 [info] Extension host with pid 260618 started
2024-08-27 23:42:29.460 [info] Lock '/home/xiaobr/.vscode-server/data/User/workspaceStorage/2af8f6c5772baf43423a18235072030f/vscode.lock': Lock acquired.
2024-08-27 23:42:29.923 [info] ExtensionService#_doActivateExtension vscode.emmet, startup: false, activationEvent: 'onLanguage'
2024-08-27 23:42:29.926 [info] ExtensionService#_doActivateExtension golang.go, startup: false, activationEvent: 'onLanguage:go'
2024-08-27 23:42:30.927 [info] ExtensionService#_doActivateExtension vscode.git-base, startup: true, activationEvent: '*', root cause: vscode.git
2024-08-27 23:42:31.411 [info] ExtensionService#_doActivateExtension vscode.git, startup: true, activationEvent: '*'
2024-08-27 23:42:31.412 [info] ExtensionService#_doActivateExtension vscode.github, startup: true, activationEvent: '*'
2024-08-27 23:42:32.364 [info] Eager extensions activated
2024-08-27 23:42:32.365 [info] ExtensionService#_doActivateExtension vscode.debug-auto-launch, startup: false, activationEvent: 'onStartupFinished'
2024-08-27 23:42:32.366 [info] ExtensionService#_doActivateExtension vscode.merge-conflict, startup: false, activationEvent: 'onStartupFinished'
2024-08-27 23:44:09.146 [error] [golang.go] provider FAILED
2024-08-27 23:44:09.156 [error] Error: context canceled
	at handleResponse (/home/xiaobr/.vscode-server/extensions/golang.go-0.42.0/dist/goMain.js:8606:40)
	at handleMessage (/home/xiaobr/.vscode-server/extensions/golang.go-0.42.0/dist/goMain.js:8416:11)
	at processMessageQueue (/home/xiaobr/.vscode-server/extensions/golang.go-0.42.0/dist/goMain.js:8431:13)
	at Immediate.<anonymous> (/home/xiaobr/.vscode-server/extensions/golang.go-0.42.0/dist/goMain.js:8407:11)
	at process.processImmediate (node:internal/timers:478:21)
2024-08-27 23:44:35.332 [error] [golang.go] provider FAILED
2024-08-27 23:44:35.333 [error] Error: context canceled
	at handleResponse (/home/xiaobr/.vscode-server/extensions/golang.go-0.42.0/dist/goMain.js:8606:40)
	at handleMessage (/home/xiaobr/.vscode-server/extensions/golang.go-0.42.0/dist/goMain.js:8416:11)
	at processMessageQueue (/home/xiaobr/.vscode-server/extensions/golang.go-0.42.0/dist/goMain.js:8431:13)
	at Immediate.<anonymous> (/home/xiaobr/.vscode-server/extensions/golang.go-0.42.0/dist/goMain.js:8407:11)
	at process.processImmediate (node:internal/timers:478:21)
2024-08-27 23:44:36.605 [error] [golang.go] provider FAILED
2024-08-27 23:44:36.606 [error] Error: context canceled
	at handleResponse (/home/xiaobr/.vscode-server/extensions/golang.go-0.42.0/dist/goMain.js:8606:40)
	at handleMessage (/home/xiaobr/.vscode-server/extensions/golang.go-0.42.0/dist/goMain.js:8416:11)
	at processMessageQueue (/home/xiaobr/.vscode-server/extensions/golang.go-0.42.0/dist/goMain.js:8431:13)
	at Immediate.<anonymous> (/home/xiaobr/.vscode-server/extensions/golang.go-0.42.0/dist/goMain.js:8407:11)
	at process.processImmediate (node:internal/timers:478:21)
2024-08-27 23:45:04.082 [error] [golang.go] provider FAILED
2024-08-27 23:45:04.082 [error] Error: context canceled
	at handleResponse (/home/xiaobr/.vscode-server/extensions/golang.go-0.42.0/dist/goMain.js:8606:40)
	at handleMessage (/home/xiaobr/.vscode-server/extensions/golang.go-0.42.0/dist/goMain.js:8416:11)
	at processMessageQueue (/home/xiaobr/.vscode-server/extensions/golang.go-0.42.0/dist/goMain.js:8431:13)
	at Immediate.<anonymous> (/home/xiaobr/.vscode-server/extensions/golang.go-0.42.0/dist/goMain.js:8407:11)
	at process.processImmediate (node:internal/timers:478:21)
2024-08-27 23:46:44.226 [info] ExtensionService#_doActivateExtension vscode.npm, startup: false, activationEvent: 'onTerminalQuickFixRequest:ms-vscode.npm-command'
2024-08-28 05:24:03.774 [info] Extension host terminating: renderer disconnected for too long (2)
2024-08-28 05:24:03.775 [info] Lock '/home/xiaobr/.vscode-server/data/User/workspaceStorage/2af8f6c5772baf43423a18235072030f/vscode.lock': Marking the lockfile as scheduled to be released in 6000 ms.
2024-08-28 05:24:03.803 [info] Extension host with pid 260618 exiting with code 0
