2024-08-27 23:42:32.455 [info] [main] Log level: Info
2024-08-27 23:42:32.455 [info] [main] Validating found git in: "git"
2024-08-27 23:42:32.455 [info] [main] Using git "2.25.1" from "git"
2024-08-27 23:42:32.455 [info] [Model][doInitialScan] Initial repository scan started
2024-08-27 23:42:32.455 [info] > git rev-parse --show-toplevel [15ms]
2024-08-27 23:42:32.455 [info] fatal: not a git repository (or any of the parent directories): .git
2024-08-27 23:42:32.460 [info] > git rev-parse --show-toplevel [8ms]
2024-08-27 23:42:32.460 [info] fatal: not a git repository (or any of the parent directories): .git
2024-08-27 23:42:32.470 [info] > git rev-parse --show-toplevel [3ms]
2024-08-27 23:42:32.470 [info] fatal: not a git repository (or any of the parent directories): .git
2024-08-27 23:42:32.616 [info] > git rev-parse --show-toplevel [141ms]
2024-08-27 23:42:32.616 [info] fatal: not a git repository (or any of the parent directories): .git
2024-08-27 23:42:32.627 [info] > git rev-parse --show-toplevel [3ms]
2024-08-27 23:42:32.627 [info] fatal: not a git repository (or any of the parent directories): .git
2024-08-27 23:42:32.635 [info] > git rev-parse --show-toplevel [3ms]
2024-08-27 23:42:32.635 [info] fatal: not a git repository (or any of the parent directories): .git
2024-08-27 23:42:32.649 [info] > git rev-parse --show-toplevel [6ms]
2024-08-27 23:42:32.649 [info] fatal: not a git repository (or any of the parent directories): .git
2024-08-27 23:42:32.659 [info] > git rev-parse --show-toplevel [4ms]
2024-08-27 23:42:32.659 [info] fatal: not a git repository (or any of the parent directories): .git
2024-08-27 23:42:32.664 [info] [Model][doInitialScan] Initial repository scan completed - repositories (0), closed repositories (0), parent repositories (0), unsafe repositories (0)
2024-08-27 23:47:08.624 [info] > git rev-parse --show-toplevel [7ms]
2024-08-27 23:47:08.625 [info] fatal: not a git repository (or any of the parent directories): .git
2024-08-27 23:47:15.188 [info] > git rev-parse --show-toplevel [3ms]
2024-08-27 23:47:15.188 [info] fatal: not a git repository (or any of the parent directories): .git
