[Info  - 12:22:35 AM] 2024/08/29 00:22:35 Created View (#1)
	directory=/home/xiaobr
	view_type="GoMod"
	root_dir="file:///home/xiaobr"
	go_version="go version go1.22.6 linux/amd64"
	build_flags=[]
	env={GOOS:linux GOARCH:amd64 GOCACHE:/home/xiaobr/.cache/go-build GOMODCACHE:/home/xiaobr/go/pkg/mod GOPATH:/home/xiaobr/go GOPRIVATE: GOFLAGS: GO111MODULE: GOTOOLCHAIN:auto GoVersion:22 GoVersionOutput:go version go1.22.6 linux/amd64
 ExplicitGOWORK: EffectiveGOPACKAGESDRIVER:}
	env_overlay=[]

[Info  - 12:22:35 AM] 2024/08/29 00:22:35 go/packages.Load #1
	view_id="1"
	snapshot=0
	directory=/home/xiaobr
	query=[/home/xiaobr/... builtin]
	packages=2
	duration=858.672797ms

[Info  - 12:22:35 AM] 2024/08/29 00:22:35 Created View (#2)
	directory=/home/xiaobr
	view_type="GoMod"
	root_dir="file:///home/xiaobr/go/src/around"
	go_version="go version go1.22.6 linux/amd64"
	build_flags=[]
	env={GOOS:linux GOARCH:amd64 GOCACHE:/home/xiaobr/.cache/go-build GOMODCACHE:/home/xiaobr/go/pkg/mod GOPATH:/home/xiaobr/go GOPRIVATE: GOFLAGS: GO111MODULE: GOTOOLCHAIN:auto GoVersion:22 GoVersionOutput:go version go1.22.6 linux/amd64
 ExplicitGOWORK: EffectiveGOPACKAGESDRIVER:}
	env_overlay=[]

[Info  - 12:22:37 AM] 2024/08/29 00:22:37 go/packages.Load #2
	view_id="2"
	snapshot=0
	directory=/home/xiaobr
	query=[/home/xiaobr/go/src/around/... builtin]
	packages=8
	duration=1.696068076s

[Info  - 12:23:05 AM] 2024/08/29 00:23:05 background imports cache refresh starting

[Info  - 12:23:05 AM] 2024/08/29 00:23:05 background refresh finished after 283.697948ms

[Info  - 12:23:06 AM] 2024/08/29 00:23:06 background imports cache refresh starting

[Info  - 12:23:07 AM] 2024/08/29 00:23:07 background refresh finished after 1.937613728s

