2024-09-06 03:51:45.405 [info] Try to start language server - activation (enabled: true)
2024-09-06 03:51:46.206 [info] Running language server gopls(v0.16.1/go1.22.6)
2024-09-06 04:01:46.091 [info] Tools environment: GOPATH=/home/xiaobr/go, GOTOOLCHAIN=auto
2024-09-06 04:01:46.092 [info] Installing 1 tool at /home/xiaobr/go/bin
2024-09-06 04:01:46.092 [info]   gopls@0.16.2
2024-09-06 04:01:46.092 [info] 
2024-09-06 04:01:46.870 [info] Failed while handling 'FileSystemWatcher.onDidCreate': EntryNotFound (FileSystemError): Error: ENOENT: no such file or directory, open '/home/xiaobr/go/pkg/mod/go.mod'
2024-09-06 04:01:46.870 [info] Failed while handling 'FileSystemWatcher.onDidCreate': EntryNotFound (FileSystemError): Error: ENOENT: no such file or directory, open '/home/xiaobr/go/pkg/mod/go.mod'
2024-09-06 04:01:46.871 [info] Failed while handling 'FileSystemWatcher.onDidCreate': EntryNotFound (FileSystemError): Error: ENOENT: no such file or directory, open '/home/xiaobr/go/pkg/mod/go.mod'
2024-09-06 04:01:46.871 [info] Failed while handling 'FileSystemWatcher.onDidCreate': EntryNotFound (FileSystemError): Error: ENOENT: no such file or directory, open '/home/xiaobr/go/pkg/mod/go.mod'
2024-09-06 04:01:46.871 [info] Failed while handling 'FileSystemWatcher.onDidCreate': EntryNotFound (FileSystemError): Error: ENOENT: no such file or directory, open '/home/xiaobr/go/pkg/mod/go.mod'
2024-09-06 04:01:46.872 [info] Failed while handling 'FileSystemWatcher.onDidCreate': EntryNotFound (FileSystemError): Error: ENOENT: no such file or directory, open '/home/xiaobr/go/pkg/mod/go.mod'
2024-09-06 04:01:46.872 [info] Failed while handling 'FileSystemWatcher.onDidCreate': EntryNotFound (FileSystemError): Error: ENOENT: no such file or directory, open '/home/xiaobr/go/pkg/mod/go.mod'
2024-09-06 04:01:46.873 [info] Failed while handling 'FileSystemWatcher.onDidCreate': EntryNotFound (FileSystemError): Error: ENOENT: no such file or directory, open '/home/xiaobr/go/pkg/mod/go.mod'
2024-09-06 04:01:46.873 [info] Failed while handling 'FileSystemWatcher.onDidCreate': EntryNotFound (FileSystemError): Error: ENOENT: no such file or directory, open '/home/xiaobr/go/pkg/mod/go.mod'
2024-09-06 04:01:46.873 [info] Failed while handling 'FileSystemWatcher.onDidCreate': EntryNotFound (FileSystemError): Error: ENOENT: no such file or directory, open '/home/xiaobr/go/pkg/mod/go.mod'
2024-09-06 04:01:46.874 [info] Failed while handling 'FileSystemWatcher.onDidCreate': EntryNotFound (FileSystemError): Error: ENOENT: no such file or directory, open '/home/xiaobr/go/pkg/mod/go.mod'
2024-09-06 04:01:46.874 [info] Failed while handling 'FileSystemWatcher.onDidCreate': EntryNotFound (FileSystemError): Error: ENOENT: no such file or directory, open '/home/xiaobr/go/pkg/mod/go.mod'
2024-09-06 04:01:46.875 [info] Failed while handling 'FileSystemWatcher.onDidCreate': EntryNotFound (FileSystemError): Error: ENOENT: no such file or directory, open '/home/xiaobr/go/pkg/mod/go.mod'
2024-09-06 04:01:46.875 [info] Failed while handling 'FileSystemWatcher.onDidCreate': EntryNotFound (FileSystemError): Error: ENOENT: no such file or directory, open '/home/xiaobr/go/pkg/mod/go.mod'
2024-09-06 04:01:46.875 [info] Failed while handling 'FileSystemWatcher.onDidCreate': EntryNotFound (FileSystemError): Error: ENOENT: no such file or directory, open '/home/xiaobr/go/pkg/mod/go.mod'
2024-09-06 04:01:46.876 [info] Failed while handling 'FileSystemWatcher.onDidCreate': EntryNotFound (FileSystemError): Error: ENOENT: no such file or directory, open '/home/xiaobr/go/pkg/mod/go.mod'
2024-09-06 04:01:46.876 [info] Failed while handling 'FileSystemWatcher.onDidCreate': EntryNotFound (FileSystemError): Error: ENOENT: no such file or directory, open '/home/xiaobr/go/pkg/mod/go.mod'
2024-09-06 04:01:46.877 [info] Failed while handling 'FileSystemWatcher.onDidCreate': EntryNotFound (FileSystemError): Error: ENOENT: no such file or directory, open '/home/xiaobr/go/pkg/mod/go.mod'
2024-09-06 04:01:46.877 [info] Failed while handling 'FileSystemWatcher.onDidCreate': EntryNotFound (FileSystemError): Error: ENOENT: no such file or directory, open '/home/xiaobr/go/pkg/mod/go.mod'
2024-09-06 04:01:46.878 [info] Failed while handling 'FileSystemWatcher.onDidCreate': EntryNotFound (FileSystemError): Error: ENOENT: no such file or directory, open '/home/xiaobr/go/pkg/mod/go.mod'
2024-09-06 04:01:47.861 [info] Failed while handling 'FileSystemWatcher.onDidCreate': EntryNotFound (FileSystemError): Error: ENOENT: no such file or directory, open '/home/xiaobr/go/pkg/mod/go.mod'
2024-09-06 04:01:47.862 [info] Failed while handling 'FileSystemWatcher.onDidCreate': EntryNotFound (FileSystemError): Error: ENOENT: no such file or directory, open '/home/xiaobr/go/pkg/mod/go.mod'
2024-09-06 04:01:47.862 [info] Failed while handling 'FileSystemWatcher.onDidCreate': EntryNotFound (FileSystemError): Error: ENOENT: no such file or directory, open '/home/xiaobr/go/pkg/mod/go.mod'
2024-09-06 04:01:47.863 [info] Failed while handling 'FileSystemWatcher.onDidCreate': EntryNotFound (FileSystemError): Error: ENOENT: no such file or directory, open '/home/xiaobr/go/pkg/mod/go.mod'
2024-09-06 04:01:47.863 [info] Failed while handling 'FileSystemWatcher.onDidCreate': EntryNotFound (FileSystemError): Error: ENOENT: no such file or directory, open '/home/xiaobr/go/pkg/mod/go.mod'
2024-09-06 04:01:47.864 [info] Failed while handling 'FileSystemWatcher.onDidCreate': EntryNotFound (FileSystemError): Error: ENOENT: no such file or directory, open '/home/xiaobr/go/pkg/mod/go.mod'
2024-09-06 04:01:47.864 [info] Failed while handling 'FileSystemWatcher.onDidCreate': EntryNotFound (FileSystemError): Error: ENOENT: no such file or directory, open '/home/xiaobr/go/pkg/mod/go.mod'
2024-09-06 04:01:47.865 [info] Failed while handling 'FileSystemWatcher.onDidCreate': EntryNotFound (FileSystemError): Error: ENOENT: no such file or directory, open '/home/xiaobr/go/pkg/mod/go.mod'
2024-09-06 04:01:47.865 [info] Failed while handling 'FileSystemWatcher.onDidCreate': EntryNotFound (FileSystemError): Error: ENOENT: no such file or directory, open '/home/xiaobr/go/pkg/mod/go.mod'
2024-09-06 04:01:47.865 [info] Failed while handling 'FileSystemWatcher.onDidCreate': EntryNotFound (FileSystemError): Error: ENOENT: no such file or directory, open '/home/xiaobr/go/pkg/mod/go.mod'
2024-09-06 04:01:47.866 [info] Failed while handling 'FileSystemWatcher.onDidCreate': EntryNotFound (FileSystemError): Error: ENOENT: no such file or directory, open '/home/xiaobr/go/pkg/mod/go.mod'
2024-09-06 04:01:47.866 [info] Failed while handling 'FileSystemWatcher.onDidCreate': EntryNotFound (FileSystemError): Error: ENOENT: no such file or directory, open '/home/xiaobr/go/pkg/mod/go.mod'
2024-09-06 04:01:47.867 [info] Failed while handling 'FileSystemWatcher.onDidCreate': EntryNotFound (FileSystemError): Error: ENOENT: no such file or directory, open '/home/xiaobr/go/pkg/mod/go.mod'
2024-09-06 04:01:47.867 [info] Failed while handling 'FileSystemWatcher.onDidCreate': EntryNotFound (FileSystemError): Error: ENOENT: no such file or directory, open '/home/xiaobr/go/pkg/mod/go.mod'
2024-09-06 04:01:47.868 [info] Failed while handling 'FileSystemWatcher.onDidCreate': EntryNotFound (FileSystemError): Error: ENOENT: no such file or directory, open '/home/xiaobr/go/pkg/mod/go.mod'
2024-09-06 04:01:47.868 [info] Failed while handling 'FileSystemWatcher.onDidCreate': EntryNotFound (FileSystemError): Error: ENOENT: no such file or directory, open '/home/xiaobr/go/pkg/mod/go.mod'
2024-09-06 04:01:47.877 [info] Failed while handling 'FileSystemWatcher.onDidCreate': EntryNotFound (FileSystemError): Error: ENOENT: no such file or directory, open '/home/xiaobr/go/pkg/mod/go.mod'
2024-09-06 04:01:47.878 [info] Failed while handling 'FileSystemWatcher.onDidCreate': EntryNotFound (FileSystemError): Error: ENOENT: no such file or directory, open '/home/xiaobr/go/pkg/mod/go.mod'
2024-09-06 04:01:47.878 [info] Failed while handling 'FileSystemWatcher.onDidCreate': EntryNotFound (FileSystemError): Error: ENOENT: no such file or directory, open '/home/xiaobr/go/pkg/mod/go.mod'
2024-09-06 04:01:47.878 [info] Failed while handling 'FileSystemWatcher.onDidCreate': EntryNotFound (FileSystemError): Error: ENOENT: no such file or directory, open '/home/xiaobr/go/pkg/mod/go.mod'
2024-09-06 04:01:47.879 [info] Failed while handling 'FileSystemWatcher.onDidCreate': EntryNotFound (FileSystemError): Error: ENOENT: no such file or directory, open '/home/xiaobr/go/pkg/mod/go.mod'
2024-09-06 04:01:47.879 [info] Failed while handling 'FileSystemWatcher.onDidCreate': EntryNotFound (FileSystemError): Error: ENOENT: no such file or directory, open '/home/xiaobr/go/pkg/mod/go.mod'
2024-09-06 04:01:47.879 [info] Failed while handling 'FileSystemWatcher.onDidCreate': EntryNotFound (FileSystemError): Error: ENOENT: no such file or directory, open '/home/xiaobr/go/pkg/mod/go.mod'
2024-09-06 04:01:47.880 [info] Failed while handling 'FileSystemWatcher.onDidCreate': EntryNotFound (FileSystemError): Error: ENOENT: no such file or directory, open '/home/xiaobr/go/pkg/mod/go.mod'
2024-09-06 04:01:47.880 [info] Failed while handling 'FileSystemWatcher.onDidCreate': EntryNotFound (FileSystemError): Error: ENOENT: no such file or directory, open '/home/xiaobr/go/pkg/mod/go.mod'
2024-09-06 04:01:47.881 [info] Failed while handling 'FileSystemWatcher.onDidCreate': EntryNotFound (FileSystemError): Error: ENOENT: no such file or directory, open '/home/xiaobr/go/pkg/mod/go.mod'
2024-09-06 04:01:47.881 [info] Failed while handling 'FileSystemWatcher.onDidCreate': EntryNotFound (FileSystemError): Error: ENOENT: no such file or directory, open '/home/xiaobr/go/pkg/mod/go.mod'
2024-09-06 04:01:47.881 [info] Failed while handling 'FileSystemWatcher.onDidCreate': EntryNotFound (FileSystemError): Error: ENOENT: no such file or directory, open '/home/xiaobr/go/pkg/mod/go.mod'
2024-09-06 04:01:47.882 [info] Failed while handling 'FileSystemWatcher.onDidCreate': EntryNotFound (FileSystemError): Error: ENOENT: no such file or directory, open '/home/xiaobr/go/pkg/mod/go.mod'
2024-09-06 04:01:47.882 [info] Failed while handling 'FileSystemWatcher.onDidCreate': EntryNotFound (FileSystemError): Error: ENOENT: no such file or directory, open '/home/xiaobr/go/pkg/mod/go.mod'
2024-09-06 04:01:47.971 [info] Failed while handling 'FileSystemWatcher.onDidCreate': EntryNotFound (FileSystemError): Error: ENOENT: no such file or directory, open '/home/xiaobr/go/pkg/mod/go.mod'
2024-09-06 04:01:47.972 [info] Failed while handling 'FileSystemWatcher.onDidCreate': EntryNotFound (FileSystemError): Error: ENOENT: no such file or directory, open '/home/xiaobr/go/pkg/mod/go.mod'
2024-09-06 04:01:47.972 [info] Failed while handling 'FileSystemWatcher.onDidCreate': EntryNotFound (FileSystemError): Error: ENOENT: no such file or directory, open '/home/xiaobr/go/pkg/mod/go.mod'
2024-09-06 04:01:47.972 [info] Failed while handling 'FileSystemWatcher.onDidCreate': EntryNotFound (FileSystemError): Error: ENOENT: no such file or directory, open '/home/xiaobr/go/pkg/mod/go.mod'
2024-09-06 04:01:47.973 [info] Failed while handling 'FileSystemWatcher.onDidCreate': EntryNotFound (FileSystemError): Error: ENOENT: no such file or directory, open '/home/xiaobr/go/pkg/mod/go.mod'
2024-09-06 04:01:47.974 [info] Failed while handling 'FileSystemWatcher.onDidCreate': EntryNotFound (FileSystemError): Error: ENOENT: no such file or directory, open '/home/xiaobr/go/pkg/mod/go.mod'
2024-09-06 04:01:47.974 [info] Failed while handling 'FileSystemWatcher.onDidCreate': EntryNotFound (FileSystemError): Error: ENOENT: no such file or directory, open '/home/xiaobr/go/pkg/mod/go.mod'
2024-09-06 04:01:47.974 [info] Failed while handling 'FileSystemWatcher.onDidCreate': EntryNotFound (FileSystemError): Error: ENOENT: no such file or directory, open '/home/xiaobr/go/pkg/mod/go.mod'
2024-09-06 04:01:47.975 [info] Failed while handling 'FileSystemWatcher.onDidCreate': EntryNotFound (FileSystemError): Error: ENOENT: no such file or directory, open '/home/xiaobr/go/pkg/mod/go.mod'
2024-09-06 04:01:47.975 [info] Failed while handling 'FileSystemWatcher.onDidCreate': EntryNotFound (FileSystemError): Error: ENOENT: no such file or directory, open '/home/xiaobr/go/pkg/mod/go.mod'
2024-09-06 04:01:47.976 [info] Failed while handling 'FileSystemWatcher.onDidCreate': EntryNotFound (FileSystemError): Error: ENOENT: no such file or directory, open '/home/xiaobr/go/pkg/mod/go.mod'
2024-09-06 04:01:47.976 [info] Failed while handling 'FileSystemWatcher.onDidCreate': EntryNotFound (FileSystemError): Error: ENOENT: no such file or directory, open '/home/xiaobr/go/pkg/mod/go.mod'
2024-09-06 04:01:47.976 [info] Failed while handling 'FileSystemWatcher.onDidCreate': EntryNotFound (FileSystemError): Error: ENOENT: no such file or directory, open '/home/xiaobr/go/pkg/mod/go.mod'
2024-09-06 04:01:47.977 [info] Failed while handling 'FileSystemWatcher.onDidCreate': EntryNotFound (FileSystemError): Error: ENOENT: no such file or directory, open '/home/xiaobr/go/pkg/mod/go.mod'
2024-09-06 04:01:48.711 [info] Failed while handling 'FileSystemWatcher.onDidCreate': EntryNotFound (FileSystemError): Error: ENOENT: no such file or directory, open '/home/xiaobr/go/pkg/mod/go.mod'
2024-09-06 04:01:48.711 [info] Failed while handling 'FileSystemWatcher.onDidCreate': EntryNotFound (FileSystemError): Error: ENOENT: no such file or directory, open '/home/xiaobr/go/pkg/mod/go.mod'
2024-09-06 04:01:48.711 [info] Failed while handling 'FileSystemWatcher.onDidCreate': EntryNotFound (FileSystemError): Error: ENOENT: no such file or directory, open '/home/xiaobr/go/pkg/mod/go.mod'
2024-09-06 04:01:48.711 [info] Failed while handling 'FileSystemWatcher.onDidCreate': EntryNotFound (FileSystemError): Error: ENOENT: no such file or directory, open '/home/xiaobr/go/pkg/mod/go.mod'
2024-09-06 04:01:48.711 [info] Failed while handling 'FileSystemWatcher.onDidCreate': EntryNotFound (FileSystemError): Error: ENOENT: no such file or directory, open '/home/xiaobr/go/pkg/mod/go.mod'
2024-09-06 04:01:48.711 [info] Failed while handling 'FileSystemWatcher.onDidCreate': EntryNotFound (FileSystemError): Error: ENOENT: no such file or directory, open '/home/xiaobr/go/pkg/mod/go.mod'
2024-09-06 04:02:39.840 [info] Installing golang.org/x/tools/gopls@v0.16.2 (/home/xiaobr/go/bin/gopls) SUCCEEDED
2024-09-06 04:02:39.848 [info] 
2024-09-06 04:02:39.849 [info] All tools successfully installed. You are ready to Go. :)
2024-09-06 04:02:39.928 [info] Try to start language server - installation (enabled: true)
2024-09-06 04:02:40.235 [info] Running language server gopls(v0.16.2/go1.22.6)
