2024-09-10 00:56:25.405 [info] Extension host with pid 376859 started
2024-09-10 00:56:25.655 [info] Lock '/home/xiaobr/.vscode-server/data/User/workspaceStorage/2af8f6c5772baf43423a18235072030f/vscode.lock': Lock acquired.
2024-09-10 00:56:25.688 [info] ExtensionService#_doActivateExtension vscode.emmet, startup: false, activationEvent: 'onLanguage'
2024-09-10 00:56:25.899 [info] ExtensionService#_doActivateExtension vscode.git-base, startup: true, activationEvent: '*', root cause: vscode.git
2024-09-10 00:56:25.976 [info] ExtensionService#_doActivateExtension vscode.git, startup: true, activationEvent: '*'
2024-09-10 00:56:25.993 [info] ExtensionService#_doActivateExtension vscode.github, startup: true, activationEvent: '*'
2024-09-10 00:56:26.975 [info] Eager extensions activated
2024-09-10 00:56:26.975 [info] ExtensionService#_doActivateExtension vscode.debug-auto-launch, startup: false, activationEvent: 'onStartupFinished'
2024-09-10 00:56:26.976 [info] ExtensionService#_doActivateExtension vscode.merge-conflict, startup: false, activationEvent: 'onStartupFinished'
2024-09-10 00:57:51.504 [info] ExtensionService#_doActivateExtension golang.go, startup: false, activationEvent: 'onLanguage:go'
2024-09-10 00:58:13.125 [error] [golang.go] provider FAILED
2024-09-10 00:58:13.136 [error] Error: context canceled
	at handleResponse (/home/xiaobr/.vscode-server/extensions/golang.go-0.42.0/dist/goMain.js:8606:40)
	at handleMessage (/home/xiaobr/.vscode-server/extensions/golang.go-0.42.0/dist/goMain.js:8416:11)
	at processMessageQueue (/home/xiaobr/.vscode-server/extensions/golang.go-0.42.0/dist/goMain.js:8431:13)
	at Immediate.<anonymous> (/home/xiaobr/.vscode-server/extensions/golang.go-0.42.0/dist/goMain.js:8407:11)
	at process.processImmediate (node:internal/timers:478:21)
2024-09-10 00:58:13.982 [error] [golang.go] provider FAILED
2024-09-10 00:58:13.983 [error] Error: context canceled
	at handleResponse (/home/xiaobr/.vscode-server/extensions/golang.go-0.42.0/dist/goMain.js:8606:40)
	at handleMessage (/home/xiaobr/.vscode-server/extensions/golang.go-0.42.0/dist/goMain.js:8416:11)
	at processMessageQueue (/home/xiaobr/.vscode-server/extensions/golang.go-0.42.0/dist/goMain.js:8431:13)
	at Immediate.<anonymous> (/home/xiaobr/.vscode-server/extensions/golang.go-0.42.0/dist/goMain.js:8407:11)
	at process.processImmediate (node:internal/timers:478:21)
2024-09-10 00:58:15.690 [error] [golang.go] provider FAILED
2024-09-10 00:58:15.690 [error] Error: context canceled
	at handleResponse (/home/xiaobr/.vscode-server/extensions/golang.go-0.42.0/dist/goMain.js:8606:40)
	at handleMessage (/home/xiaobr/.vscode-server/extensions/golang.go-0.42.0/dist/goMain.js:8416:11)
	at processMessageQueue (/home/xiaobr/.vscode-server/extensions/golang.go-0.42.0/dist/goMain.js:8431:13)
	at Immediate.<anonymous> (/home/xiaobr/.vscode-server/extensions/golang.go-0.42.0/dist/goMain.js:8407:11)
	at process.processImmediate (node:internal/timers:478:21)
2024-09-10 00:58:16.562 [error] [golang.go] provider FAILED
2024-09-10 00:58:16.569 [error] Error: context canceled
	at handleResponse (/home/xiaobr/.vscode-server/extensions/golang.go-0.42.0/dist/goMain.js:8606:40)
	at handleMessage (/home/xiaobr/.vscode-server/extensions/golang.go-0.42.0/dist/goMain.js:8416:11)
	at processMessageQueue (/home/xiaobr/.vscode-server/extensions/golang.go-0.42.0/dist/goMain.js:8431:13)
	at Immediate.<anonymous> (/home/xiaobr/.vscode-server/extensions/golang.go-0.42.0/dist/goMain.js:8407:11)
	at process.processImmediate (node:internal/timers:478:21)
2024-09-10 00:58:16.980 [error] [golang.go] provider FAILED
2024-09-10 00:58:16.980 [error] Error: context canceled
	at handleResponse (/home/xiaobr/.vscode-server/extensions/golang.go-0.42.0/dist/goMain.js:8606:40)
	at handleMessage (/home/xiaobr/.vscode-server/extensions/golang.go-0.42.0/dist/goMain.js:8416:11)
	at processMessageQueue (/home/xiaobr/.vscode-server/extensions/golang.go-0.42.0/dist/goMain.js:8431:13)
	at Immediate.<anonymous> (/home/xiaobr/.vscode-server/extensions/golang.go-0.42.0/dist/goMain.js:8407:11)
	at process.processImmediate (node:internal/timers:478:21)
2024-09-10 00:58:17.438 [error] [golang.go] provider FAILED
2024-09-10 00:58:17.438 [error] Error: context canceled
	at handleResponse (/home/xiaobr/.vscode-server/extensions/golang.go-0.42.0/dist/goMain.js:8606:40)
	at handleMessage (/home/xiaobr/.vscode-server/extensions/golang.go-0.42.0/dist/goMain.js:8416:11)
	at processMessageQueue (/home/xiaobr/.vscode-server/extensions/golang.go-0.42.0/dist/goMain.js:8431:13)
	at Immediate.<anonymous> (/home/xiaobr/.vscode-server/extensions/golang.go-0.42.0/dist/goMain.js:8407:11)
	at process.processImmediate (node:internal/timers:478:21)
2024-09-10 00:58:18.101 [error] [golang.go] provider FAILED
2024-09-10 00:58:18.102 [error] Error: context canceled
	at handleResponse (/home/xiaobr/.vscode-server/extensions/golang.go-0.42.0/dist/goMain.js:8606:40)
	at handleMessage (/home/xiaobr/.vscode-server/extensions/golang.go-0.42.0/dist/goMain.js:8416:11)
	at processMessageQueue (/home/xiaobr/.vscode-server/extensions/golang.go-0.42.0/dist/goMain.js:8431:13)
	at Immediate.<anonymous> (/home/xiaobr/.vscode-server/extensions/golang.go-0.42.0/dist/goMain.js:8407:11)
	at process.processImmediate (node:internal/timers:478:21)
2024-09-10 00:58:18.743 [error] [golang.go] provider FAILED
2024-09-10 00:58:18.743 [error] Error: context canceled
	at handleResponse (/home/xiaobr/.vscode-server/extensions/golang.go-0.42.0/dist/goMain.js:8606:40)
	at handleMessage (/home/xiaobr/.vscode-server/extensions/golang.go-0.42.0/dist/goMain.js:8416:11)
	at processMessageQueue (/home/xiaobr/.vscode-server/extensions/golang.go-0.42.0/dist/goMain.js:8431:13)
	at Immediate.<anonymous> (/home/xiaobr/.vscode-server/extensions/golang.go-0.42.0/dist/goMain.js:8407:11)
	at process.processImmediate (node:internal/timers:478:21)
2024-09-10 00:58:18.991 [error] [golang.go] provider FAILED
2024-09-10 00:58:18.991 [error] Error: context canceled
	at handleResponse (/home/xiaobr/.vscode-server/extensions/golang.go-0.42.0/dist/goMain.js:8606:40)
	at handleMessage (/home/xiaobr/.vscode-server/extensions/golang.go-0.42.0/dist/goMain.js:8416:11)
	at processMessageQueue (/home/xiaobr/.vscode-server/extensions/golang.go-0.42.0/dist/goMain.js:8431:13)
	at Immediate.<anonymous> (/home/xiaobr/.vscode-server/extensions/golang.go-0.42.0/dist/goMain.js:8407:11)
	at process.processImmediate (node:internal/timers:478:21)
2024-09-10 00:58:19.450 [error] [golang.go] provider FAILED
2024-09-10 00:58:19.450 [error] Error: context canceled
	at handleResponse (/home/xiaobr/.vscode-server/extensions/golang.go-0.42.0/dist/goMain.js:8606:40)
	at handleMessage (/home/xiaobr/.vscode-server/extensions/golang.go-0.42.0/dist/goMain.js:8416:11)
	at processMessageQueue (/home/xiaobr/.vscode-server/extensions/golang.go-0.42.0/dist/goMain.js:8431:13)
	at Immediate.<anonymous> (/home/xiaobr/.vscode-server/extensions/golang.go-0.42.0/dist/goMain.js:8407:11)
	at process.processImmediate (node:internal/timers:478:21)
2024-09-10 00:58:22.738 [error] [golang.go] provider FAILED
2024-09-10 00:58:22.738 [error] Error: context canceled
	at handleResponse (/home/xiaobr/.vscode-server/extensions/golang.go-0.42.0/dist/goMain.js:8606:40)
	at handleMessage (/home/xiaobr/.vscode-server/extensions/golang.go-0.42.0/dist/goMain.js:8416:11)
	at processMessageQueue (/home/xiaobr/.vscode-server/extensions/golang.go-0.42.0/dist/goMain.js:8431:13)
	at Immediate.<anonymous> (/home/xiaobr/.vscode-server/extensions/golang.go-0.42.0/dist/goMain.js:8407:11)
	at process.processImmediate (node:internal/timers:478:21)
2024-09-10 04:42:31.746 [info] Extension host terminating: renderer disconnected for too long (1)
2024-09-10 04:42:31.751 [info] Lock '/home/xiaobr/.vscode-server/data/User/workspaceStorage/2af8f6c5772baf43423a18235072030f/vscode.lock': Marking the lockfile as scheduled to be released in 6000 ms.
2024-09-10 04:42:31.836 [error] Canceled: Canceled
	at new C (/home/xiaobr/.vscode-server/cli/servers/Stable-eaa41d57266683296de7d118f574d0c2652e1fc4/server/out/vs/workbench/api/node/extensionHostProcess.js:144:35204)
	at y.U (/home/xiaobr/.vscode-server/cli/servers/Stable-eaa41d57266683296de7d118f574d0c2652e1fc4/server/out/vs/workbench/api/node/extensionHostProcess.js:151:6017)
	at z.<computed>.j.charCodeAt.R.CharCode.DollarSign.z.<computed> (/home/xiaobr/.vscode-server/cli/servers/Stable-eaa41d57266683296de7d118f574d0c2652e1fc4/server/out/vs/workbench/api/node/extensionHostProcess.js:151:3107)
	at d.g (/home/xiaobr/.vscode-server/cli/servers/Stable-eaa41d57266683296de7d118f574d0c2652e1fc4/server/out/vs/workbench/api/node/extensionHostProcess.js:154:205942)
	at d.executeCommand (/home/xiaobr/.vscode-server/cli/servers/Stable-eaa41d57266683296de7d118f574d0c2652e1fc4/server/out/vs/workbench/api/node/extensionHostProcess.js:154:205380)
	at A.registerCommand.description (/home/xiaobr/.vscode-server/cli/servers/Stable-eaa41d57266683296de7d118f574d0c2652e1fc4/server/out/vs/workbench/api/node/extensionHostProcess.js:154:204704)
	at d.h (/home/xiaobr/.vscode-server/cli/servers/Stable-eaa41d57266683296de7d118f574d0c2652e1fc4/server/out/vs/workbench/api/node/extensionHostProcess.js:154:206481)
	at d.g (/home/xiaobr/.vscode-server/cli/servers/Stable-eaa41d57266683296de7d118f574d0c2652e1fc4/server/out/vs/workbench/api/node/extensionHostProcess.js:154:205473)
	at d.executeCommand (/home/xiaobr/.vscode-server/cli/servers/Stable-eaa41d57266683296de7d118f574d0c2652e1fc4/server/out/vs/workbench/api/node/extensionHostProcess.js:154:205380)
	at Object.executeCommand (/home/xiaobr/.vscode-server/cli/servers/Stable-eaa41d57266683296de7d118f574d0c2652e1fc4/server/out/vs/workbench/api/node/extensionHostProcess.js:164:23060)
	at i.O [as value] (/home/xiaobr/.vscode-server/cli/servers/Stable-eaa41d57266683296de7d118f574d0c2652e1fc4/server/extensions/git/dist/main.js:2:951642)
	at n.B (/home/xiaobr/.vscode-server/cli/servers/Stable-eaa41d57266683296de7d118f574d0c2652e1fc4/server/out/vs/workbench/api/node/extensionHostProcess.js:83:737)
	at n.C (/home/xiaobr/.vscode-server/cli/servers/Stable-eaa41d57266683296de7d118f574d0c2652e1fc4/server/out/vs/workbench/api/node/extensionHostProcess.js:83:807)
	at n.fire (/home/xiaobr/.vscode-server/cli/servers/Stable-eaa41d57266683296de7d118f574d0c2652e1fc4/server/out/vs/workbench/api/node/extensionHostProcess.js:83:1023)
	at Object.p [as dispose] (/home/xiaobr/.vscode-server/cli/servers/Stable-eaa41d57266683296de7d118f574d0c2652e1fc4/server/extensions/git/dist/main.js:2:972220)
	at /home/xiaobr/.vscode-server/cli/servers/Stable-eaa41d57266683296de7d118f574d0c2652e1fc4/server/extensions/git/dist/main.js:2:978342
	at Array.forEach (<anonymous>)
	at f.dispose (/home/xiaobr/.vscode-server/cli/servers/Stable-eaa41d57266683296de7d118f574d0c2652e1fc4/server/extensions/git/dist/main.js:2:978328)
	at a.<anonymous> (/home/xiaobr/.vscode-server/cli/servers/Stable-eaa41d57266683296de7d118f574d0c2652e1fc4/server/out/vs/workbench/api/node/extensionHostProcess.js:152:4173)
	at a.dispose (/home/xiaobr/.vscode-server/cli/servers/Stable-eaa41d57266683296de7d118f574d0c2652e1fc4/server/out/vs/workbench/api/node/extensionHostProcess.js:152:4270)
	at a.<anonymous> (/home/xiaobr/.vscode-server/cli/servers/Stable-eaa41d57266683296de7d118f574d0c2652e1fc4/server/extensions/git/dist/main.js:2:953940)
	at a.dispose (/home/xiaobr/.vscode-server/cli/servers/Stable-eaa41d57266683296de7d118f574d0c2652e1fc4/server/out/vs/workbench/api/node/extensionHostProcess.js:152:4270)
	at $ (/home/xiaobr/.vscode-server/cli/servers/Stable-eaa41d57266683296de7d118f574d0c2652e1fc4/server/out/vs/workbench/api/node/extensionHostProcess.js:30:744)
	at /home/xiaobr/.vscode-server/cli/servers/Stable-eaa41d57266683296de7d118f574d0c2652e1fc4/server/out/vs/workbench/api/node/extensionHostProcess.js:160:13379
	at /home/xiaobr/.vscode-server/cli/servers/Stable-eaa41d57266683296de7d118f574d0c2652e1fc4/server/out/vs/workbench/api/node/extensionHostProcess.js:30:1112
	at Object.dispose (/home/xiaobr/.vscode-server/cli/servers/Stable-eaa41d57266683296de7d118f574d0c2652e1fc4/server/out/vs/workbench/api/node/extensionHostProcess.js:11:11354)
	at m.eb (/home/xiaobr/.vscode-server/cli/servers/Stable-eaa41d57266683296de7d118f574d0c2652e1fc4/server/out/vs/workbench/api/node/extensionHostProcess.js:160:10056)
	at /home/xiaobr/.vscode-server/cli/servers/Stable-eaa41d57266683296de7d118f574d0c2652e1fc4/server/out/vs/workbench/api/node/extensionHostProcess.js:160:7927
	at Array.map (<anonymous>)
	at m.$ (/home/xiaobr/.vscode-server/cli/servers/Stable-eaa41d57266683296de7d118f574d0c2652e1fc4/server/out/vs/workbench/api/node/extensionHostProcess.js:160:7914)
	at m.terminate (/home/xiaobr/.vscode-server/cli/servers/Stable-eaa41d57266683296de7d118f574d0c2652e1fc4/server/out/vs/workbench/api/node/extensionHostProcess.js:160:8187)
	at $.terminate (/home/xiaobr/.vscode-server/cli/servers/Stable-eaa41d57266683296de7d118f574d0c2652e1fc4/server/out/vs/workbench/api/node/extensionHostProcess.js:164:1513)
	at o (/home/xiaobr/.vscode-server/cli/servers/Stable-eaa41d57266683296de7d118f574d0c2652e1fc4/server/out/vs/workbench/api/node/extensionHostProcess.js:177:10633)
	at j.a (/home/xiaobr/.vscode-server/cli/servers/Stable-eaa41d57266683296de7d118f574d0c2652e1fc4/server/out/vs/workbench/api/node/extensionHostProcess.js:177:7238)
	at j.h (/home/xiaobr/.vscode-server/cli/servers/Stable-eaa41d57266683296de7d118f574d0c2652e1fc4/server/out/vs/workbench/api/node/extensionHostProcess.js:87:21483)
	at listOnTimeout (node:internal/timers:573:17)
	at process.processTimers (node:internal/timers:514:7) setContext undefined
2024-09-10 04:42:31.839 [error] Canceled: Canceled
	at new C (/home/xiaobr/.vscode-server/cli/servers/Stable-eaa41d57266683296de7d118f574d0c2652e1fc4/server/out/vs/workbench/api/node/extensionHostProcess.js:144:35204)
	at y.U (/home/xiaobr/.vscode-server/cli/servers/Stable-eaa41d57266683296de7d118f574d0c2652e1fc4/server/out/vs/workbench/api/node/extensionHostProcess.js:151:6017)
	at z.<computed>.j.charCodeAt.R.CharCode.DollarSign.z.<computed> (/home/xiaobr/.vscode-server/cli/servers/Stable-eaa41d57266683296de7d118f574d0c2652e1fc4/server/out/vs/workbench/api/node/extensionHostProcess.js:151:3107)
	at d.g (/home/xiaobr/.vscode-server/cli/servers/Stable-eaa41d57266683296de7d118f574d0c2652e1fc4/server/out/vs/workbench/api/node/extensionHostProcess.js:154:205942)
	at d.executeCommand (/home/xiaobr/.vscode-server/cli/servers/Stable-eaa41d57266683296de7d118f574d0c2652e1fc4/server/out/vs/workbench/api/node/extensionHostProcess.js:154:205380)
	at A.registerCommand.description (/home/xiaobr/.vscode-server/cli/servers/Stable-eaa41d57266683296de7d118f574d0c2652e1fc4/server/out/vs/workbench/api/node/extensionHostProcess.js:154:204704)
	at d.h (/home/xiaobr/.vscode-server/cli/servers/Stable-eaa41d57266683296de7d118f574d0c2652e1fc4/server/out/vs/workbench/api/node/extensionHostProcess.js:154:206481)
	at d.g (/home/xiaobr/.vscode-server/cli/servers/Stable-eaa41d57266683296de7d118f574d0c2652e1fc4/server/out/vs/workbench/api/node/extensionHostProcess.js:154:205473)
	at d.executeCommand (/home/xiaobr/.vscode-server/cli/servers/Stable-eaa41d57266683296de7d118f574d0c2652e1fc4/server/out/vs/workbench/api/node/extensionHostProcess.js:154:205380)
	at Object.executeCommand (/home/xiaobr/.vscode-server/cli/servers/Stable-eaa41d57266683296de7d118f574d0c2652e1fc4/server/out/vs/workbench/api/node/extensionHostProcess.js:164:23060)
	at set hasGitHubRepositories [as hasGitHubRepositories] (/home/xiaobr/.vscode-server/cli/servers/Stable-eaa41d57266683296de7d118f574d0c2652e1fc4/server/extensions/github/dist/extension.js:2:322969)
	at /home/xiaobr/.vscode-server/cli/servers/Stable-eaa41d57266683296de7d118f574d0c2652e1fc4/server/extensions/github/dist/extension.js:2:323928
	at i.value (/home/xiaobr/.vscode-server/cli/servers/Stable-eaa41d57266683296de7d118f574d0c2652e1fc4/server/extensions/git/dist/main.js:2:1060193)
	at n.B (/home/xiaobr/.vscode-server/cli/servers/Stable-eaa41d57266683296de7d118f574d0c2652e1fc4/server/out/vs/workbench/api/node/extensionHostProcess.js:83:737)
	at n.C (/home/xiaobr/.vscode-server/cli/servers/Stable-eaa41d57266683296de7d118f574d0c2652e1fc4/server/out/vs/workbench/api/node/extensionHostProcess.js:83:807)
	at n.fire (/home/xiaobr/.vscode-server/cli/servers/Stable-eaa41d57266683296de7d118f574d0c2652e1fc4/server/out/vs/workbench/api/node/extensionHostProcess.js:83:1023)
	at Object.p [as dispose] (/home/xiaobr/.vscode-server/cli/servers/Stable-eaa41d57266683296de7d118f574d0c2652e1fc4/server/extensions/git/dist/main.js:2:972220)
	at /home/xiaobr/.vscode-server/cli/servers/Stable-eaa41d57266683296de7d118f574d0c2652e1fc4/server/extensions/git/dist/main.js:2:978342
	at Array.forEach (<anonymous>)
	at f.dispose (/home/xiaobr/.vscode-server/cli/servers/Stable-eaa41d57266683296de7d118f574d0c2652e1fc4/server/extensions/git/dist/main.js:2:978328)
	at a.<anonymous> (/home/xiaobr/.vscode-server/cli/servers/Stable-eaa41d57266683296de7d118f574d0c2652e1fc4/server/out/vs/workbench/api/node/extensionHostProcess.js:152:4173)
	at a.dispose (/home/xiaobr/.vscode-server/cli/servers/Stable-eaa41d57266683296de7d118f574d0c2652e1fc4/server/out/vs/workbench/api/node/extensionHostProcess.js:152:4270)
	at a.<anonymous> (/home/xiaobr/.vscode-server/cli/servers/Stable-eaa41d57266683296de7d118f574d0c2652e1fc4/server/extensions/git/dist/main.js:2:953940)
	at a.dispose (/home/xiaobr/.vscode-server/cli/servers/Stable-eaa41d57266683296de7d118f574d0c2652e1fc4/server/out/vs/workbench/api/node/extensionHostProcess.js:152:4270)
	at $ (/home/xiaobr/.vscode-server/cli/servers/Stable-eaa41d57266683296de7d118f574d0c2652e1fc4/server/out/vs/workbench/api/node/extensionHostProcess.js:30:744)
	at /home/xiaobr/.vscode-server/cli/servers/Stable-eaa41d57266683296de7d118f574d0c2652e1fc4/server/out/vs/workbench/api/node/extensionHostProcess.js:160:13379
	at /home/xiaobr/.vscode-server/cli/servers/Stable-eaa41d57266683296de7d118f574d0c2652e1fc4/server/out/vs/workbench/api/node/extensionHostProcess.js:30:1112
	at Object.dispose (/home/xiaobr/.vscode-server/cli/servers/Stable-eaa41d57266683296de7d118f574d0c2652e1fc4/server/out/vs/workbench/api/node/extensionHostProcess.js:11:11354)
	at m.eb (/home/xiaobr/.vscode-server/cli/servers/Stable-eaa41d57266683296de7d118f574d0c2652e1fc4/server/out/vs/workbench/api/node/extensionHostProcess.js:160:10056)
	at /home/xiaobr/.vscode-server/cli/servers/Stable-eaa41d57266683296de7d118f574d0c2652e1fc4/server/out/vs/workbench/api/node/extensionHostProcess.js:160:7927
	at Array.map (<anonymous>)
	at m.$ (/home/xiaobr/.vscode-server/cli/servers/Stable-eaa41d57266683296de7d118f574d0c2652e1fc4/server/out/vs/workbench/api/node/extensionHostProcess.js:160:7914)
	at m.terminate (/home/xiaobr/.vscode-server/cli/servers/Stable-eaa41d57266683296de7d118f574d0c2652e1fc4/server/out/vs/workbench/api/node/extensionHostProcess.js:160:8187)
	at $.terminate (/home/xiaobr/.vscode-server/cli/servers/Stable-eaa41d57266683296de7d118f574d0c2652e1fc4/server/out/vs/workbench/api/node/extensionHostProcess.js:164:1513)
	at o (/home/xiaobr/.vscode-server/cli/servers/Stable-eaa41d57266683296de7d118f574d0c2652e1fc4/server/out/vs/workbench/api/node/extensionHostProcess.js:177:10633)
	at j.a (/home/xiaobr/.vscode-server/cli/servers/Stable-eaa41d57266683296de7d118f574d0c2652e1fc4/server/out/vs/workbench/api/node/extensionHostProcess.js:177:7238)
	at j.h (/home/xiaobr/.vscode-server/cli/servers/Stable-eaa41d57266683296de7d118f574d0c2652e1fc4/server/out/vs/workbench/api/node/extensionHostProcess.js:87:21483)
	at listOnTimeout (node:internal/timers:573:17)
	at process.processTimers (node:internal/timers:514:7) setContext undefined
2024-09-10 04:42:31.871 [info] Extension host with pid 376859 exiting with code 0
