[Info  - 11:18:36 PM] 2024/08/29 23:18:36 Created View (#1)
	directory=/home/xiaobr
	view_type="GoMod"
	root_dir="file:///home/xiaobr"
	go_version="go version go1.22.6 linux/amd64"
	build_flags=[]
	env={GOOS:linux GOARCH:amd64 GOCACHE:/home/xiaobr/.cache/go-build GOMODCACHE:/home/xiaobr/go/pkg/mod GOPATH:/home/xiaobr/go GOPRIVATE: GOFLAGS: GO111MODULE: GOTOOLCHAIN:auto GoVersion:22 GoVersionOutput:go version go1.22.6 linux/amd64
 ExplicitGOWORK: EffectiveGOPACKAGESDRIVER:}
	env_overlay=[]

[Info  - 11:18:36 PM] 2024/08/29 23:18:36 go/packages.Load #1
	view_id="1"
	snapshot=0
	directory=/home/xiaobr
	query=[/home/xiaobr/... builtin]
	packages=2
	duration=526.338098ms

[Info  - 11:18:36 PM] 2024/08/29 23:18:36 Created View (#2)
	directory=/home/xiaobr
	view_type="GoMod"
	root_dir="file:///home/xiaobr/go/src/around"
	go_version="go version go1.22.6 linux/amd64"
	build_flags=[]
	env={GOOS:linux GOARCH:amd64 GOCACHE:/home/xiaobr/.cache/go-build GOMODCACHE:/home/xiaobr/go/pkg/mod GOPATH:/home/xiaobr/go GOPRIVATE: GOFLAGS: GO111MODULE: GOTOOLCHAIN:auto GoVersion:22 GoVersionOutput:go version go1.22.6 linux/amd64
 ExplicitGOWORK: EffectiveGOPACKAGESDRIVER:}
	env_overlay=[]

[Info  - 11:18:38 PM] 2024/08/29 23:18:38 go/packages.Load #2
	view_id="2"
	snapshot=0
	directory=/home/xiaobr
	query=[/home/xiaobr/go/src/around/... builtin]
	packages=8
	duration=1.522993247s

[Info  - 11:19:06 PM] 2024/08/29 23:19:06 background imports cache refresh starting

[Info  - 11:19:06 PM] 2024/08/29 23:19:06 background refresh finished after 272.979609ms

[Info  - 11:19:06 PM] 2024/08/29 23:19:06 background imports cache refresh starting

[Info  - 11:19:08 PM] 2024/08/29 23:19:08 background refresh finished after 1.92881914s

[Error - 11:24:18 PM] Request textDocument/definition failed.
  Message: context canceled
  Code: 0 
[Info  - 11:24:55 PM] 2024/08/29 23:24:55 background imports cache refresh starting

[Info  - 11:24:55 PM] 2024/08/29 23:24:55 background refresh finished after 6.093548ms

[Info  - 11:25:26 PM] 2024/08/29 23:25:26 background imports cache refresh starting

[Info  - 11:25:26 PM] 2024/08/29 23:25:26 background refresh finished after 15.178806ms

[Info  - 11:26:03 PM] 2024/08/29 23:26:03 background imports cache refresh starting

[Info  - 11:26:03 PM] 2024/08/29 23:26:03 background refresh finished after 13.201239ms

[Info  - 11:26:43 PM] 2024/08/29 23:26:43 go/packages.Load #3
	view_id="2"
	snapshot=26
	directory=/home/xiaobr
	query=[file=/home/xiaobr/go/src/around/util/yaml.go]
	packages=1
	duration=128.530815ms

[Info  - 11:26:47 PM] 2024/08/29 23:26:47 go/packages.Load #5
	view_id="2"
	snapshot=36
	directory=/home/xiaobr
	query=[around around/backend around/handler around/service]
	packages=4
	duration=608.771561ms

[Info  - 11:26:51 PM] 2024/08/29 23:26:51 background imports cache refresh starting

[Info  - 11:26:51 PM] 2024/08/29 23:26:51 background refresh finished after 13.491118ms

[Info  - 11:27:22 PM] 2024/08/29 23:27:22 background imports cache refresh starting

[Info  - 11:27:22 PM] 2024/08/29 23:27:22 background refresh finished after 12.594895ms

[Info  - 11:27:52 PM] 2024/08/29 23:27:52 background imports cache refresh starting

[Info  - 11:27:52 PM] 2024/08/29 23:27:52 background refresh finished after 23.952271ms

[Info  - 11:28:42 PM] 2024/08/29 23:28:42 background imports cache refresh starting

[Info  - 11:28:42 PM] 2024/08/29 23:28:42 background refresh finished after 14.321326ms

[Info  - 11:29:55 PM] 2024/08/29 23:29:55 background imports cache refresh starting

[Info  - 11:29:55 PM] 2024/08/29 23:29:55 background refresh finished after 13.984216ms

[Info  - 11:30:34 PM] 2024/08/29 23:30:34 background imports cache refresh starting

[Info  - 11:30:34 PM] 2024/08/29 23:30:34 background refresh finished after 14.091298ms

[Info  - 11:37:45 PM] 2024/08/29 23:37:45 background imports cache refresh starting

[Info  - 11:37:45 PM] 2024/08/29 23:37:45 background refresh finished after 14.027426ms

[Info  - 11:37:52 PM] 2024/08/29 23:37:52 go/packages.Load #6
	view_id="2"
	snapshot=81
	directory=/home/xiaobr
	query=[file=/home/xiaobr/go/src/around/util/yaml.go]
	packages=1
	duration=142.533586ms

[Info  - 11:37:52 PM] 2024/08/29 23:37:52 go/packages.Load #7
	view_id="2"
	snapshot=82
	directory=/home/xiaobr
	query=[file=/home/xiaobr/go/src/around/util/yaml.go]
	packages=1
	duration=307.016446ms

[Info  - 11:37:52 PM] 2024/08/29 23:37:52 go/packages.Load #8
	view_id="2"
	snapshot=82
	directory=/home/xiaobr
	query=[file=/home/xiaobr/go/src/around/util/yaml.go]
	packages=1
	duration=312.350282ms

[Info  - 11:37:54 PM] 2024/08/29 23:37:54 go/packages.Load #9
	view_id="2"
	snapshot=83
	directory=/home/xiaobr
	query=[around around/backend around/handler around/service]
	packages=4
	duration=435.911392ms

[Info  - 11:38:17 PM] 2024/08/29 23:38:17 background imports cache refresh starting

[Info  - 11:38:17 PM] 2024/08/29 23:38:17 background refresh finished after 13.884535ms

[Info  - 3:34:02 AM] 2024/08/30 03:34:02 Shutdown session
	shutdown_session=1

