[Info  - 11:42:31 PM] 2024/08/27 23:42:31 Created View (#1)
	directory=/home/xiaobr
	view_type="GoMod"
	root_dir="file:///home/xiaobr"
	go_version="go version go1.22.6 linux/amd64"
	build_flags=[]
	env={GOOS:linux GOARCH:amd64 GOCACHE:/home/xiaobr/.cache/go-build GOMODCACHE:/home/xiaobr/go/pkg/mod GOPATH:/home/xiaobr/go GOPRIVATE: GOFLAGS: GO111MODULE: GOTOOLCHAIN:auto GoVersion:22 GoVersionOutput:go version go1.22.6 linux/amd64
 ExplicitGOWORK: EffectiveGOPACKAGESDRIVER:}
	env_overlay=[]

[Info  - 11:42:32 PM] 2024/08/27 23:42:32 go/packages.Load #1
	view_id="1"
	snapshot=0
	directory=/home/xiaobr
	query=[/home/xiaobr/... builtin]
	packages=2
	duration=1.088028396s

[Info  - 11:42:32 PM] 2024/08/27 23:42:32 Created View (#2)
	directory=/home/xiaobr
	view_type="GoMod"
	root_dir="file:///home/xiaobr/go/src/around"
	go_version="go version go1.22.6 linux/amd64"
	build_flags=[]
	env={GOOS:linux GOARCH:amd64 GOCACHE:/home/xiaobr/.cache/go-build GOMODCACHE:/home/xiaobr/go/pkg/mod GOPATH:/home/xiaobr/go GOPRIVATE: GOFLAGS: GO111MODULE: GOTOOLCHAIN:auto GoVersion:22 GoVersionOutput:go version go1.22.6 linux/amd64
 ExplicitGOWORK: EffectiveGOPACKAGESDRIVER:}
	env_overlay=[]

[Info  - 11:42:33 PM] 2024/08/27 23:42:33 go/packages.Load #2
	view_id="2"
	snapshot=0
	directory=/home/xiaobr
	query=[/home/xiaobr/go/src/around/... builtin]
	packages=8
	duration=1.325086924s

[Info  - 11:43:01 PM] 2024/08/27 23:43:01 background imports cache refresh starting

[Info  - 11:43:01 PM] 2024/08/27 23:43:01 background refresh finished after 299.051725ms

[Info  - 11:43:02 PM] 2024/08/27 23:43:02 background imports cache refresh starting

[Info  - 11:43:04 PM] 2024/08/27 23:43:04 background refresh finished after 1.730577917s

[Info  - 11:44:06 PM] 2024/08/27 23:44:06 go/packages.Load #3
	view_id="2"
	snapshot=3
	directory=/home/xiaobr
	query=[file=/home/xiaobr/go/src/around/handler/post.go]
	packages=1
	duration=764.979746ms

[Info  - 11:44:07 PM] 2024/08/27 23:44:07 go/packages.Load #4
	view_id="2"
	snapshot=3
	directory=/home/xiaobr
	query=[file=/home/xiaobr/go/src/around/handler/post.go]
	packages=1
	duration=918.669481ms

[Error - 11:44:09 PM] Request textDocument/codeAction failed.
  Message: context canceled
  Code: 0 
[Info  - 11:44:09 PM] 2024/08/27 23:44:09 go/packages.Load #6
	view_id="2"
	snapshot=5
	directory=/home/xiaobr
	query=[file=/home/xiaobr/go/src/around/handler/post.go]
	packages=1
	duration=1.628722707s

[Info  - 11:44:09 PM] 2024/08/27 23:44:09 go/packages.Load #7
	view_id="2"
	snapshot=5
	directory=/home/xiaobr
	query=[file=/home/xiaobr/go/src/around/handler/post.go]
	packages=1
	duration=780.034606ms

[Info  - 11:44:10 PM] 2024/08/27 23:44:10 go/packages.Load #8
	view_id="2"
	snapshot=5
	directory=/home/xiaobr
	query=[around]
	packages=1
	duration=433.722518ms

[Info  - 11:44:35 PM] 2024/08/27 23:44:35 go/packages.Load #9
	view_id="2"
	snapshot=8
	directory=/home/xiaobr
	query=[file=/home/xiaobr/go/src/around/handler/post.go]
	packages=1
	duration=1.034587304s

[Info  - 11:44:35 PM] 2024/08/27 23:44:35 go/packages.Load #10
	view_id="2"
	snapshot=8
	directory=/home/xiaobr
	query=[file=/home/xiaobr/go/src/around/handler/post.go]
	packages=1
	duration=922.823213ms

[Error - 11:44:35 PM] Request textDocument/codeAction failed.
  Message: context canceled
  Code: 0 
[Info  - 11:44:36 PM] 2024/08/27 23:44:36 go/packages.Load #12
	view_id="2"
	snapshot=9
	directory=/home/xiaobr
	query=[file=/home/xiaobr/go/src/around/handler/post.go]
	packages=1
	duration=1.051885946s

[Info  - 11:44:36 PM] 2024/08/27 23:44:36 go/packages.Load #13
	view_id="2"
	snapshot=9
	directory=/home/xiaobr
	query=[file=/home/xiaobr/go/src/around/handler/post.go]
	packages=1
	duration=946.046981ms

[Error - 11:44:36 PM] Request textDocument/codeAction failed.
  Message: context canceled
  Code: 0 
[Info  - 11:44:38 PM] 2024/08/27 23:44:38 go/packages.Load #14
	view_id="2"
	snapshot=11
	directory=/home/xiaobr
	query=[around]
	packages=1
	duration=463.725589ms

[Info  - 11:44:56 PM] 2024/08/27 23:44:56 go/packages.Load #15
	view_id="2"
	snapshot=12
	directory=/home/xiaobr
	query=[file=/home/xiaobr/go/src/around/handler/post.go]
	packages=1
	duration=701.777459ms

[Info  - 11:44:57 PM] 2024/08/27 23:44:57 go/packages.Load #16
	view_id="2"
	snapshot=12
	directory=/home/xiaobr
	query=[file=/home/xiaobr/go/src/around/handler/post.go]
	packages=1
	duration=911.104716ms

[Info  - 11:44:59 PM] 2024/08/27 23:44:59 go/packages.Load #17
	view_id="2"
	snapshot=14
	directory=/home/xiaobr
	query=[around]
	packages=1
	duration=429.712848ms

[Info  - 11:45:04 PM] 2024/08/27 23:45:04 go/packages.Load #19
	view_id="2"
	snapshot=18
	directory=/home/xiaobr
	query=[file=/home/xiaobr/go/src/around/handler/post.go]
	packages=1
	duration=1.272101658s

[Error - 11:45:04 PM] Request textDocument/codeAction failed.
  Message: context canceled
  Code: 0 
[Info  - 11:45:04 PM] 2024/08/27 23:45:04 go/packages.Load #20
	view_id="2"
	snapshot=18
	directory=/home/xiaobr
	query=[file=/home/xiaobr/go/src/around/handler/post.go]
	packages=1
	duration=1.364536868s

[Info  - 11:45:05 PM] 2024/08/27 23:45:05 go/packages.Load #21
	view_id="2"
	snapshot=20
	directory=/home/xiaobr
	query=[file=/home/xiaobr/go/src/around/handler/post.go]
	packages=1
	duration=656.561537ms

[Info  - 11:45:05 PM] 2024/08/27 23:45:05 go/packages.Load #22
	view_id="2"
	snapshot=20
	directory=/home/xiaobr
	query=[file=/home/xiaobr/go/src/around/handler/post.go]
	packages=1
	duration=686.117815ms

[Info  - 11:45:07 PM] 2024/08/27 23:45:07 go/packages.Load #24
	view_id="2"
	snapshot=24
	directory=/home/xiaobr
	query=[file=/home/xiaobr/go/src/around/handler/post.go]
	packages=1
	duration=1.140714816s

[Info  - 11:45:11 PM] 2024/08/27 23:45:11 background imports cache refresh starting

[Info  - 11:45:11 PM] 2024/08/27 23:45:11 background refresh finished after 12.075103ms

[Info  - 11:45:11 PM] 2024/08/27 23:45:11 go/packages.Load #26
	view_id="2"
	snapshot=29
	directory=/home/xiaobr
	query=[around]
	packages=1
	duration=462.077453ms

[Info  - 11:47:29 PM] 2024/08/27 23:47:29 background imports cache refresh starting

[Info  - 11:47:29 PM] 2024/08/27 23:47:29 background refresh finished after 13.905975ms

[Info  - 11:49:43 PM] 2024/08/27 23:49:43 background imports cache refresh starting

[Info  - 11:49:43 PM] 2024/08/27 23:49:43 background refresh finished after 13.149669ms

[Info  - 5:24:03 AM] 2024/08/28 05:24:03 Shutdown session
	shutdown_session=1

