2024-09-17 19:31:10.072 [info] [main] Log level: Info
2024-09-17 19:31:10.072 [info] [main] Validating found git in: "git"
2024-09-17 19:31:10.072 [info] [main] Using git "2.25.1" from "git"
2024-09-17 19:31:10.072 [info] [Model][doInitialScan] Initial repository scan started
2024-09-17 19:31:10.072 [info] > git rev-parse --show-toplevel [19ms]
2024-09-17 19:31:10.072 [info] > git rev-parse --git-dir --git-common-dir [3ms]
2024-09-17 19:31:10.072 [info] [Model][openRepository] Opened repository: /home/xiaobr
2024-09-17 19:31:10.072 [info] > git config --get commit.template [15ms]
2024-09-17 19:31:10.072 [info] > git rev-parse --show-toplevel [33ms]
2024-09-17 19:31:10.072 [info] > git for-each-ref --format=%(refname)%00%(upstream:short)%00%(objectname)%00%(upstream:track)%00%(upstream:remotename)%00%(upstream:remoteref) refs/heads/master refs/remotes/master [30ms]
2024-09-17 19:31:10.072 [warning] [Git][getBranch] No such branch: master
2024-09-17 19:31:10.072 [info] > git rev-parse --show-toplevel [636ms]
2024-09-17 19:31:10.146 [info] > git rev-parse --show-toplevel [51ms]
2024-09-17 19:31:10.206 [info] > git rev-parse --show-toplevel [20ms]
2024-09-17 19:31:10.243 [info] > git rev-parse --show-toplevel [14ms]
2024-09-17 19:31:10.264 [info] > git rev-parse --show-toplevel [6ms]
2024-09-17 19:31:10.301 [info] > git rev-parse --show-toplevel [17ms]
2024-09-17 19:31:10.322 [info] [Model][doInitialScan] Initial repository scan completed - repositories (1), closed repositories (0), parent repositories (0), unsafe repositories (0)
2024-09-17 19:31:10.472 [info] > git show --textconv :go/src/around/app.yaml [139ms]
2024-09-17 19:31:10.481 [info] > git ls-files --stage -- /home/xiaobr/go/src/around/app.yaml [131ms]
2024-09-17 19:31:10.512 [info] > git cat-file -s 71184766053e1115c5395e23373b53cb12c0d29b [17ms]
2024-09-17 19:31:10.693 [info] > git check-ignore -v -z --stdin [624ms]
2024-09-17 19:31:10.889 [info] > git fetch [1626ms]
2024-09-17 19:31:10.889 [info] Missing or invalid credentials.
Skip silent fetch commands
Missing or invalid credentials.
Skip silent fetch commands
remote: Repository not found.
fatal: Authentication failed for 'https://github.com/MonsterRayX/SocialAI.git/'
2024-09-17 19:31:10.907 [info] > git status -z -uall [1533ms] (cancelled)
2024-09-17 19:31:10.910 [info] > git config --get commit.template [10ms]
2024-09-17 19:31:10.934 [info] > git for-each-ref --format=%(refname)%00%(upstream:short)%00%(objectname)%00%(upstream:track)%00%(upstream:remotename)%00%(upstream:remoteref) refs/heads/master refs/remotes/master [1ms]
2024-09-17 19:31:10.934 [warning] [Git][getBranch] No such branch: master
2024-09-17 19:31:10.934 [info] > git for-each-ref --format=%(refname)%00%(upstream:short)%00%(objectname)%00%(upstream:track)%00%(upstream:remotename)%00%(upstream:remoteref) refs/heads/master refs/remotes/master [15ms]
2024-09-17 19:31:10.934 [warning] [Git][getBranch] No such branch: master
2024-09-17 19:31:10.936 [info] > git config --get commit.template [30ms]
2024-09-17 19:31:18.550 [info] > git status -z -uall [7610ms] (cancelled)
2024-09-17 19:35:08.532 [info] > git check-ignore -v -z --stdin [27ms]
2024-09-17 19:45:13.506 [info] > git ls-files --stage -- /home/xiaobr/go/src/around/app.yaml [15ms]
2024-09-17 19:45:13.512 [info] > git cat-file -s 71184766053e1115c5395e23373b53cb12c0d29b [2ms]
2024-09-17 19:45:13.560 [info] > git show --textconv :go/src/around/app.yaml [15ms]
2024-09-17 19:47:30.673 [info] > git for-each-ref --sort -committerdate --format %(refname) %(objectname) %(*objectname) [2ms]
