2024-08-29 00:22:35.706 [info] [main] Log level: Info
2024-08-29 00:22:35.706 [info] [main] Validating found git in: "git"
2024-08-29 00:22:35.706 [info] [main] Using git "2.25.1" from "git"
2024-08-29 00:22:35.706 [info] [Model][doInitialScan] Initial repository scan started
2024-08-29 00:22:35.706 [info] > git rev-parse --show-toplevel [13ms]
2024-08-29 00:22:35.706 [info] fatal: not a git repository (or any of the parent directories): .git
2024-08-29 00:22:35.706 [info] > git rev-parse --show-toplevel [7ms]
2024-08-29 00:22:35.706 [info] fatal: not a git repository (or any of the parent directories): .git
2024-08-29 00:22:35.706 [info] > git rev-parse --show-toplevel [4ms]
2024-08-29 00:22:35.706 [info] fatal: not a git repository (or any of the parent directories): .git
2024-08-29 00:22:35.707 [info] > git rev-parse --show-toplevel [3ms]
2024-08-29 00:22:35.707 [info] fatal: not a git repository (or any of the parent directories): .git
2024-08-29 00:22:35.707 [info] > git rev-parse --show-toplevel [2ms]
2024-08-29 00:22:35.707 [info] fatal: not a git repository (or any of the parent directories): .git
2024-08-29 00:22:35.707 [info] > git rev-parse --show-toplevel [3ms]
2024-08-29 00:22:35.707 [info] fatal: not a git repository (or any of the parent directories): .git
2024-08-29 00:22:35.707 [info] > git rev-parse --show-toplevel [14ms]
2024-08-29 00:22:35.707 [info] fatal: not a git repository (or any of the parent directories): .git
2024-08-29 00:22:35.707 [info] > git rev-parse --show-toplevel [3ms]
2024-08-29 00:22:35.707 [info] fatal: not a git repository (or any of the parent directories): .git
2024-08-29 00:22:35.707 [info] [Model][doInitialScan] Initial repository scan completed - repositories (0), closed repositories (0), parent repositories (0), unsafe repositories (0)
