[Info  - 12:57:52 AM] 2024/09/10 00:57:52 Created View (#1)
	directory=/home/xiaobr
	view_type="GoMod"
	root_dir="file:///home/xiaobr"
	go_version="go version go1.22.6 linux/amd64"
	build_flags=[]
	env={GOOS:linux GOARCH:amd64 GOCACHE:/home/xiaobr/.cache/go-build GOMODCACHE:/home/xiaobr/go/pkg/mod GOPATH:/home/xiaobr/go GOPRIVATE: GOFLAGS: GO111MODULE: GOTOOLCHAIN:auto GoVersion:22 GoVersionOutput:go version go1.22.6 linux/amd64
 ExplicitGOWORK: EffectiveGOPACKAGESDRIVER:}
	env_overlay=[]

[Info  - 12:57:53 AM] 2024/09/10 00:57:53 go/packages.Load #1
	view_id="1"
	snapshot=0
	directory=/home/xiaobr
	query=[/home/xiaobr/... builtin]
	packages=2
	duration=788.2754ms

[Info  - 12:57:53 AM] 2024/09/10 00:57:53 Created View (#2)
	directory=/home/xiaobr
	view_type="GoMod"
	root_dir="file:///home/xiaobr/go/src/around"
	go_version="go version go1.22.6 linux/amd64"
	build_flags=[]
	env={GOOS:linux GOARCH:amd64 GOCACHE:/home/xiaobr/.cache/go-build GOMODCACHE:/home/xiaobr/go/pkg/mod GOPATH:/home/xiaobr/go GOPRIVATE: GOFLAGS: GO111MODULE: GOTOOLCHAIN:auto GoVersion:22 GoVersionOutput:go version go1.22.6 linux/amd64
 ExplicitGOWORK: EffectiveGOPACKAGESDRIVER:}
	env_overlay=[]

[Info  - 12:57:55 AM] 2024/09/10 00:57:55 go/packages.Load #2
	view_id="2"
	snapshot=0
	directory=/home/xiaobr
	query=[/home/xiaobr/go/src/around/... builtin]
	packages=8
	duration=2.483971413s

[Error - 12:58:13 AM] Request textDocument/codeAction failed.
  Message: context canceled
  Code: 0 
[Error - 12:58:13 AM] Request textDocument/codeAction failed.
  Message: context canceled
  Code: 0 
[Info  - 12:58:14 AM] 2024/09/10 00:58:14 go/packages.Load #11
	view_id="2"
	snapshot=12
	directory=/home/xiaobr
	query=[file=/home/xiaobr/go/src/around/handler/router.go]
	packages=1
	duration=853.451648ms

[Error - 12:58:15 AM] Request textDocument/codeAction failed.
  Message: context canceled
  Code: 0 
[Error - 12:58:16 AM] Request textDocument/codeAction failed.
  Message: context canceled
  Code: 0 
[Error - 12:58:16 AM] Request textDocument/codeAction failed.
  Message: context canceled
  Code: 0 
[Error - 12:58:17 AM] Request textDocument/codeAction failed.
  Message: context canceled
  Code: 0 
[Error - 12:58:18 AM] Request textDocument/codeAction failed.
  Message: context canceled
  Code: 0 
[Error - 12:58:18 AM] Request textDocument/codeAction failed.
  Message: context canceled
  Code: 0 
[Error - 12:58:18 AM] Request textDocument/codeAction failed.
  Message: context canceled
  Code: 0 
[Error - 12:58:19 AM] Request textDocument/codeAction failed.
  Message: context canceled
  Code: 0 
[Info  - 12:58:20 AM] 2024/09/10 00:58:20 go/packages.Load #36
	view_id="2"
	snapshot=32
	directory=/home/xiaobr
	query=[file=/home/xiaobr/go/src/around/handler/router.go]
	packages=1
	duration=660.978905ms

[Info  - 12:58:20 AM] 2024/09/10 00:58:20 go/packages.Load #37
	view_id="2"
	snapshot=32
	directory=/home/xiaobr
	query=[file=/home/xiaobr/go/src/around/handler/router.go]
	packages=1
	duration=699.769371ms

[Info  - 12:58:22 AM] 2024/09/10 00:58:22 background imports cache refresh starting

[Error - 12:58:22 AM] Request textDocument/codeAction failed.
  Message: context canceled
  Code: 0 
[Info  - 12:58:23 AM] 2024/09/10 00:58:23 background imports cache refresh starting

[Info  - 12:58:24 AM] 2024/09/10 00:58:24 background refresh finished after 1.789328796s

[Info  - 12:58:25 AM] 2024/09/10 00:58:25 go/packages.Load #42
	view_id="2"
	snapshot=37
	directory=/home/xiaobr
	query=[file=/home/xiaobr/go/src/around/handler/router.go]
	packages=1
	duration=2.374624859s

[Info  - 12:58:25 AM] 2024/09/10 00:58:25 go/packages.Load #43
	view_id="2"
	snapshot=37
	directory=/home/xiaobr
	query=[file=/home/xiaobr/go/src/around/handler/router.go]
	packages=1
	duration=2.460632271s

[Info  - 12:58:27 AM] 2024/09/10 00:58:27 background refresh finished after 3.902885704s

[Info  - 12:58:27 AM] 2024/09/10 00:58:27 go/packages.Load #44
	view_id="2"
	snapshot=41
	directory=/home/xiaobr
	query=[around]
	packages=1
	duration=594.797444ms

[Info  - 1:03:17 AM] 2024/09/10 01:03:17 background imports cache refresh starting

[Info  - 1:03:17 AM] 2024/09/10 01:03:17 background refresh finished after 8.734924ms

[Info  - 4:42:31 AM] 2024/09/10 04:42:31 Shutdown session
	shutdown_session=1

